<?xml version="1.0" encoding="UTF-8"?>
<!-- Generated by org.testng.reporters.JUnitReportReporter -->
<testsuite skipped="0" hostname="LAPTOP-7DBAMAAT" name="com.zerodhaTest.Zerodha" tests="1" failures="0" timestamp="2022-07-30T13:37:14 IST" time="3.798" errors="0">
  <testcase name="openUrl" time="3.798" classname="com.zerodhaTest.Zerodha"/>
  <system-out/>
</testsuite> <!-- com.zerodhaTest.Zerodha -->
