<?xml version="1.0" encoding="UTF-8"?>
<!-- Generated by org.testng.reporters.JUnitReportReporter -->
<testsuite skipped="0" hostname="LAPTOP-7DBAMAAT" name="zerodhaTestapp.Zerodha" tests="3" failures="0" timestamp="2022-07-31T12:03:20 IST" time="26.445" errors="0">
  <testcase name="openUrl" time="22.084" classname="zerodhaTestapp.Zerodha"/>
  <system-out>
    <![CDATA[PAGE TITLE]]>
  </system-out>
  <testcase name="login" time="2.227" classname="zerodhaTestapp.Zerodha"/>
  <system-out>
    <![CDATA[LOGIN PAGE
VALID USER ID
INVALID USER ID
VALID USER PASSWORD
INALID USER PASSWORD]]>
  </system-out>
  <testcase name="authorization" time="2.134" classname="zerodhaTestapp.Zerodha"/>
  <system-out>
    <![CDATA[Authorization 
VALID PIN
INVALID PIN
CONTINEU BTN WORKING]]>
  </system-out>
</testsuite> <!-- zerodhaTestapp.Zerodha -->
